C51 COMPILER V9.60.0.0   ADC                                                               03/27/2023 05:38:53 PAGE 1   


C51 COMPILER V9.60.0.0, COMPILATION OF MODULE ADC
OBJECT MODULE PLACED IN .\Objects\adc.obj
COMPILER INVOKED BY: D:\Program Files\Keil_v5\C51\BIN\C51.EXE adc.c OPTIMIZE(8,SPEED) BROWSE DEBUG OBJECTEXTEND PRINT(.\
                    -Listings\adc.lst) TABS(2) OBJECT(.\Objects\adc.obj)

line level    source

   1          #include<reg51.h>
   2          sbit ADDR_A = P3^0;
   3          sbit ADDR_B = P3^1;
   4          sbit ADDR_C = P3^2;
   5          sbit ALE = P3^3;
   6          sbit START = P3^4;
   7          sbit OE = P3^5;
   8          sbit EOC = P3^6;
   9          #define  ADC_DATA P2
  10          #define  LED_OUT P1
  11          sbit clk = P3^7;
  12          
  13          // Generate square wave of 100 KHz
  14          void timer0() interrupt 1
  15          {
  16   1        clk = ~clk;
  17   1        TF0 = 0;
  18   1      }
  19          
  20          void main()
  21            {
  22   1          TMOD = 0x02; //timer 0 auto reload mode 8 bit timer
  23   1          TH0 = 0xFA;  //auto reload value
  24   1          IE = 0x82;   // enable timer0 overflow interrupt
  25   1          TR0 = 1;     // start timer 0
  26   1          P2 = 0xff;   //Port 2 as input port
  27   1          P1 = 0x00;   // Port 1 as output
  28   1          P3 = 0x40 ;  // set all pins of port 3 as output except P3.6
  29   1          
  30   1      while(1)
  31   1      { 
  32   2          //Select IN1 as input source
  33   2          ADDR_A = 1; 
  34   2          ADDR_B = 0;
  35   2          ADDR_C = 0;
  36   2          ALE = 1;   // latch address
  37   2          START = 1; // start conversion 
  38   2          ALE = 0;   //latch address
  39   2          START = 0; // start conversion 
  40   2        //Check for end of conversion
  41   2          while(EOC == 1);
  42   2          while(EOC == 0);
  43   2          OE = 1;    // Set the output enable
  44   2          LED_OUT = ADC_DATA; // Show the result on LED_OUT's
  45   2          OE = 0;    // Set the output disable
  46   2      }
  47   1      }


MODULE INFORMATION:   STATIC OVERLAYABLE
   CODE SIZE        =     54    ----
   CONSTANT SIZE    =   ----    ----
   XDATA SIZE       =   ----    ----
   PDATA SIZE       =   ----    ----
C51 COMPILER V9.60.0.0   ADC                                                               03/27/2023 05:38:53 PAGE 2   

   DATA SIZE        =   ----    ----
   IDATA SIZE       =   ----    ----
   BIT SIZE         =   ----    ----
END OF MODULE INFORMATION.


C51 COMPILATION COMPLETE.  0 WARNING(S),  0 ERROR(S)
